
Circuit 1 cell sky130_fd_pr__pfet_01v8_lvt and Circuit 2 cell sky130_fd_pr__pfet_01v8_lvt are black boxes.
Warning: Equate pins:  cell sky130_fd_pr__pfet_01v8_lvt is a placeholder, treated as a black box.
Warning: Equate pins:  cell sky130_fd_pr__pfet_01v8_lvt is a placeholder, treated as a black box.

Subcircuit pins:
Circuit 1: sky130_fd_pr__pfet_01v8_lvt     |Circuit 2: sky130_fd_pr__pfet_01v8_lvt     
-------------------------------------------|-------------------------------------------
1                                          |1                                          
2                                          |2                                          
3                                          |3                                          
4                                          |4                                          
---------------------------------------------------------------------------------------
Cell pin lists are equivalent.
Device classes sky130_fd_pr__pfet_01v8_lvt and sky130_fd_pr__pfet_01v8_lvt are equivalent.

Circuit 1 cell sky130_fd_pr__nfet_01v8_lvt and Circuit 2 cell sky130_fd_pr__nfet_01v8_lvt are black boxes.
Warning: Equate pins:  cell sky130_fd_pr__nfet_01v8_lvt is a placeholder, treated as a black box.
Warning: Equate pins:  cell sky130_fd_pr__nfet_01v8_lvt is a placeholder, treated as a black box.

Subcircuit pins:
Circuit 1: sky130_fd_pr__nfet_01v8_lvt     |Circuit 2: sky130_fd_pr__nfet_01v8_lvt     
-------------------------------------------|-------------------------------------------
1                                          |1                                          
2                                          |2                                          
3                                          |3                                          
4                                          |4                                          
---------------------------------------------------------------------------------------
Cell pin lists are equivalent.
Device classes sky130_fd_pr__nfet_01v8_lvt and sky130_fd_pr__nfet_01v8_lvt are equivalent.

Circuit 1 cell sky130_fd_pr__nfet_01v8 and Circuit 2 cell sky130_fd_pr__nfet_01v8 are black boxes.
Warning: Equate pins:  cell sky130_fd_pr__nfet_01v8 is a placeholder, treated as a black box.
Warning: Equate pins:  cell sky130_fd_pr__nfet_01v8 is a placeholder, treated as a black box.

Subcircuit pins:
Circuit 1: sky130_fd_pr__nfet_01v8         |Circuit 2: sky130_fd_pr__nfet_01v8         
-------------------------------------------|-------------------------------------------
1                                          |1                                          
2                                          |2                                          
3                                          |3                                          
4                                          |4                                          
---------------------------------------------------------------------------------------
Cell pin lists are equivalent.
Device classes sky130_fd_pr__nfet_01v8 and sky130_fd_pr__nfet_01v8 are equivalent.

Circuit 1 cell sky130_fd_pr__pfet_01v8 and Circuit 2 cell sky130_fd_pr__pfet_01v8 are black boxes.
Warning: Equate pins:  cell sky130_fd_pr__pfet_01v8 is a placeholder, treated as a black box.
Warning: Equate pins:  cell sky130_fd_pr__pfet_01v8 is a placeholder, treated as a black box.

Subcircuit pins:
Circuit 1: sky130_fd_pr__pfet_01v8         |Circuit 2: sky130_fd_pr__pfet_01v8         
-------------------------------------------|-------------------------------------------
1                                          |1                                          
2                                          |2                                          
3                                          |3                                          
4                                          |4                                          
---------------------------------------------------------------------------------------
Cell pin lists are equivalent.
Device classes sky130_fd_pr__pfet_01v8 and sky130_fd_pr__pfet_01v8 are equivalent.
Flattening unmatched subcell pfet$2 in circuit Hard_Cascode (0)(2 instances)
Flattening unmatched subcell nfet$1 in circuit Hard_Cascode (0)(2 instances)
Flattening unmatched subcell nfet in circuit Hard_Cascode (0)(2 instances)
Flattening unmatched subcell pfet$1 in circuit Hard_Cascode (0)(2 instances)

Class Hard_Cascode (0):  Merged 72 parallel devices.
Subcircuit summary:
Circuit 1: Hard_Cascode                    |Circuit 2: Hard_Cascode                    
-------------------------------------------|-------------------------------------------
sky130_fd_pr__pfet_01v8_lvt (20->2)        |sky130_fd_pr__pfet_01v8_lvt (80->2)        
sky130_fd_pr__nfet_01v8_lvt (20->2)        |sky130_fd_pr__nfet_01v8_lvt (32->2)        
sky130_fd_pr__nfet_01v8 (20->2)            |sky130_fd_pr__nfet_01v8 (16->2)            
sky130_fd_pr__pfet_01v8 (20->2)            |sky130_fd_pr__pfet_01v8 (40->2)            
Number of devices: 8                       |Number of devices: 8                       
Number of nets: 13                         |Number of nets: 13                         
---------------------------------------------------------------------------------------
Netlists match uniquely with property errors.
pfet$1_1/sky130_fd_pr__pfet_01v8:0 vs. sky130_fd_pr__pfet_01v8:M7:
 w circuit1: 200   circuit2: 20   (delta=164%, cutoff=1%)
pfet$1_0/sky130_fd_pr__pfet_01v8:0 vs. sky130_fd_pr__pfet_01v8:M8:
 w circuit1: 200   circuit2: 20   (delta=164%, cutoff=1%)
nfet_1/sky130_fd_pr__nfet_01v8:0 vs. sky130_fd_pr__nfet_01v8:M2:
 w circuit1: 80   circuit2: 8   (delta=164%, cutoff=1%)
nfet_0/sky130_fd_pr__nfet_01v8:0 vs. sky130_fd_pr__nfet_01v8:M1:
 w circuit1: 80   circuit2: 8   (delta=164%, cutoff=1%)
nfet$1_0/sky130_fd_pr__nfet_01v8_lvt:0 vs. sky130_fd_pr__nfet_01v8_lvt:M3:
 w circuit1: 160   circuit2: 16   (delta=164%, cutoff=1%)
nfet$1_1/sky130_fd_pr__nfet_01v8_lvt:0 vs. sky130_fd_pr__nfet_01v8_lvt:M4:
 w circuit1: 160   circuit2: 16   (delta=164%, cutoff=1%)
pfet$2_1/sky130_fd_pr__pfet_01v8_lvt:0 vs. sky130_fd_pr__pfet_01v8_lvt:M5:
 w circuit1: 400   circuit2: 40   (delta=164%, cutoff=1%)
pfet$2_0/sky130_fd_pr__pfet_01v8_lvt:0 vs. sky130_fd_pr__pfet_01v8_lvt:M6:
 w circuit1: 400   circuit2: 40   (delta=164%, cutoff=1%)

Subcircuit pins:
Circuit 1: Hard_Cascode                    |Circuit 2: Hard_Cascode                    
-------------------------------------------|-------------------------------------------
vinn                                       |vinn                                       
vinp                                       |vinp                                       
agnd                                       |agnd                                       
avdd                                       |avdd                                       
itail                                      |itail                                      
vb1                                        |Vb1                                        
vout                                       |vout                                       
vb2                                        |Vb2                                        
---------------------------------------------------------------------------------------
Cell pin lists are equivalent.
Device classes Hard_Cascode and Hard_Cascode are equivalent.

Final result: Circuits match uniquely.
Property errors were found.

The following cells had property errors:
 Hard_Cascode
